<?xml version="1.0" encoding="UTF-8"?>
<!-- Generated by org.testng.reporters.JUnitReportReporter -->
<testsuite skipped="0" hostname="kandala" name="com.maven.MainTest" tests="1" failures="0" timestamp="2020-07-27T02:56:57 EDT" time="13.214" errors="0">
  <testcase name="verifylogin" time="13.214" classname="com.maven.MainTest"/>
  <system-out/>
</testsuite> <!-- com.maven.MainTest -->
