<?xml version="1.0" encoding="UTF-8"?>
<!-- Generated by org.testng.reporters.JUnitReportReporter -->
<testsuite skipped="0" hostname="kandala" name="com.maven.AppTest" tests="1" failures="0" timestamp="2020-07-27T02:55:54 EDT" time="15.232" errors="0">
  <testcase name="verifylogin" time="15.232" classname="com.maven.AppTest"/>
  <system-out/>
</testsuite> <!-- com.maven.AppTest -->
